  [1m[35m (0.6ms)[0m  [1m[35mSET NAMES utf8,  @@SESSION.sql_mode = CONCAT(CONCAT(@@sql_mode, ',STRICT_ALL_TABLES'), ',NO_AUTO_VALUE_ON_ZERO'),  @@SESSION.sql_auto_is_null = 0, @@SESSION.wait_timeout = 2147483[0m
  [1m[35m (4.5ms)[0m  [1m[35mCREATE DATABASE `lupinus2020_development` DEFAULT CHARACTER SET `utf8`[0m
  [1m[35m (0.7ms)[0m  [1m[35mSET NAMES utf8,  @@SESSION.sql_mode = CONCAT(CONCAT(@@sql_mode, ',STRICT_ALL_TABLES'), ',NO_AUTO_VALUE_ON_ZERO'),  @@SESSION.sql_auto_is_null = 0, @@SESSION.wait_timeout = 2147483[0m
  [1m[35m (1.7ms)[0m  [1m[35mCREATE DATABASE `lupinus2020_test` DEFAULT CHARACTER SET `utf8`[0m
Started GET "/" for ::1 at 2020-11-11 16:45:24 +0900
  [1m[35m (0.8ms)[0m  [1m[35mSET NAMES utf8,  @@SESSION.sql_mode = CONCAT(CONCAT(@@sql_mode, ',STRICT_ALL_TABLES'), ',NO_AUTO_VALUE_ON_ZERO'),  @@SESSION.sql_auto_is_null = 0, @@SESSION.wait_timeout = 2147483[0m
Processing by Rails::WelcomeController#index as HTML
  Rendering /Users/mizouchinatsuki/.rbenv/versions/2.6.5/lib/ruby/gems/2.6.0/gems/railties-6.0.3.4/lib/rails/templates/rails/welcome/index.html.erb
  Rendered /Users/mizouchinatsuki/.rbenv/versions/2.6.5/lib/ruby/gems/2.6.0/gems/railties-6.0.3.4/lib/rails/templates/rails/welcome/index.html.erb (Duration: 12.0ms | Allocations: 482)
Completed 200 OK in 32ms (Views: 20.1ms | ActiveRecord: 0.0ms | Allocations: 2923)


  [1m[35m (0.8ms)[0m  [1m[35mSET NAMES utf8,  @@SESSION.sql_mode = CONCAT(CONCAT(@@sql_mode, ',STRICT_ALL_TABLES'), ',NO_AUTO_VALUE_ON_ZERO'),  @@SESSION.sql_auto_is_null = 0, @@SESSION.wait_timeout = 2147483[0m
  [1m[35m (0.2ms)[0m  [1m[34mSELECT @@innodb_file_per_table = 1 AND @@innodb_file_format = 'Barracuda'[0m
  [1m[35m (11.9ms)[0m  [1m[35mCREATE TABLE `schema_migrations` (`version` varchar(255) NOT NULL PRIMARY KEY) ROW_FORMAT=DYNAMIC[0m
  [1m[35m (13.8ms)[0m  [1m[35mCREATE TABLE `ar_internal_metadata` (`key` varchar(255) NOT NULL PRIMARY KEY, `value` varchar(255), `created_at` datetime(6) NOT NULL, `updated_at` datetime(6) NOT NULL) ROW_FORMAT=DYNAMIC[0m
  [1m[35m (0.3ms)[0m  [1m[35mSET NAMES utf8,  @@SESSION.sql_mode = CONCAT(CONCAT(@@sql_mode, ',STRICT_ALL_TABLES'), ',NO_AUTO_VALUE_ON_ZERO'),  @@SESSION.sql_auto_is_null = 0, @@SESSION.wait_timeout = 2147483[0m
  [1m[35m (0.4ms)[0m  [1m[34mSELECT GET_LOCK('7634976914347022310', 0)[0m
  [1m[35m (0.3ms)[0m  [1m[34mSELECT `schema_migrations`.`version` FROM `schema_migrations` ORDER BY `schema_migrations`.`version` ASC[0m
Migrating to CreateTopics (20201111075003)
  [1m[35m (15.4ms)[0m  [1m[35mCREATE TABLE `topics` (`id` bigint NOT NULL AUTO_INCREMENT PRIMARY KEY, `title` varchar(255), `created_at` datetime(6) NOT NULL, `updated_at` datetime(6) NOT NULL) ROW_FORMAT=DYNAMIC[0m
  [1m[35m (0.2ms)[0m  [1m[35mBEGIN[0m
  [1m[36mprimary::SchemaMigration Create (0.4ms)[0m  [1m[32mINSERT INTO `schema_migrations` (`version`) VALUES ('20201111075003')[0m
  [1m[35m (0.7ms)[0m  [1m[35mCOMMIT[0m
  [1m[36mActiveRecord::InternalMetadata Load (0.6ms)[0m  [1m[34mSELECT `ar_internal_metadata`.* FROM `ar_internal_metadata` WHERE `ar_internal_metadata`.`key` = 'environment' LIMIT 1[0m
  [1m[35m (0.3ms)[0m  [1m[35mBEGIN[0m
  [1m[36mActiveRecord::InternalMetadata Create (0.3ms)[0m  [1m[32mINSERT INTO `ar_internal_metadata` (`key`, `value`, `created_at`, `updated_at`) VALUES ('environment', 'development', '2020-11-11 07:51:52.517281', '2020-11-11 07:51:52.517281')[0m
  [1m[35m (0.6ms)[0m  [1m[35mCOMMIT[0m
  [1m[35m (0.3ms)[0m  [1m[34mSELECT RELEASE_LOCK('7634976914347022310')[0m
  [1m[35m (0.2ms)[0m  [1m[35mSET NAMES utf8,  @@SESSION.sql_mode = CONCAT(CONCAT(@@sql_mode, ',STRICT_ALL_TABLES'), ',NO_AUTO_VALUE_ON_ZERO'),  @@SESSION.sql_auto_is_null = 0, @@SESSION.wait_timeout = 2147483[0m
  [1m[35m (0.3ms)[0m  [1m[34mSELECT `schema_migrations`.`version` FROM `schema_migrations` ORDER BY `schema_migrations`.`version` ASC[0m
  [1m[35m (0.7ms)[0m  [1m[35mSET NAMES utf8,  @@SESSION.sql_mode = CONCAT(CONCAT(@@sql_mode, ',STRICT_ALL_TABLES'), ',NO_AUTO_VALUE_ON_ZERO'),  @@SESSION.sql_auto_is_null = 0, @@SESSION.wait_timeout = 2147483[0m
  [1m[35m (0.4ms)[0m  [1m[34mSELECT `schema_migrations`.`version` FROM `schema_migrations` ORDER BY `schema_migrations`.`version` ASC[0m
  [1m[35m (0.5ms)[0m  [1m[34mSELECT `schema_migrations`.`version` FROM `schema_migrations` ORDER BY `schema_migrations`.`version` ASC[0m
  [1m[35m (0.3ms)[0m  [1m[34mSELECT `schema_migrations`.`version` FROM `schema_migrations` ORDER BY `schema_migrations`.`version` ASC[0m
  [1m[35m (0.4ms)[0m  [1m[35mSET NAMES utf8,  @@SESSION.sql_mode = CONCAT(CONCAT(@@sql_mode, ',STRICT_ALL_TABLES'), ',NO_AUTO_VALUE_ON_ZERO'),  @@SESSION.sql_auto_is_null = 0, @@SESSION.wait_timeout = 2147483[0m
  [1m[35m (0.4ms)[0m  [1m[34mSELECT GET_LOCK('7634976914347022310', 0)[0m
  [1m[35m (0.4ms)[0m  [1m[34mSELECT `schema_migrations`.`version` FROM `schema_migrations` ORDER BY `schema_migrations`.`version` ASC[0m
Migrating to CreateTopics (20201111075003)
  [1m[35m (7.7ms)[0m  [1m[35mDROP TABLE `topics`[0m
  [1m[36mprimary::SchemaMigration Destroy (4.9ms)[0m  [1m[31mDELETE FROM `schema_migrations` WHERE `schema_migrations`.`version` = '20201111075003'[0m
  [1m[35m (0.4ms)[0m  [1m[34mSELECT RELEASE_LOCK('7634976914347022310')[0m
  [1m[35m (0.3ms)[0m  [1m[35mSET NAMES utf8,  @@SESSION.sql_mode = CONCAT(CONCAT(@@sql_mode, ',STRICT_ALL_TABLES'), ',NO_AUTO_VALUE_ON_ZERO'),  @@SESSION.sql_auto_is_null = 0, @@SESSION.wait_timeout = 2147483[0m
  [1m[35m (0.4ms)[0m  [1m[34mSELECT `schema_migrations`.`version` FROM `schema_migrations` ORDER BY `schema_migrations`.`version` ASC[0m
  [1m[35m (0.6ms)[0m  [1m[35mSET NAMES utf8,  @@SESSION.sql_mode = CONCAT(CONCAT(@@sql_mode, ',STRICT_ALL_TABLES'), ',NO_AUTO_VALUE_ON_ZERO'),  @@SESSION.sql_auto_is_null = 0, @@SESSION.wait_timeout = 2147483[0m
  [1m[35m (0.1ms)[0m  [1m[35mSET NAMES utf8,  @@SESSION.sql_mode = CONCAT(CONCAT(@@sql_mode, ',STRICT_ALL_TABLES'), ',NO_AUTO_VALUE_ON_ZERO'),  @@SESSION.sql_auto_is_null = 0, @@SESSION.wait_timeout = 2147483[0m
  [1m[35m (0.2ms)[0m  [1m[34mSELECT GET_LOCK('7634976914347022310', 0)[0m
  [1m[35m (0.2ms)[0m  [1m[34mSELECT `schema_migrations`.`version` FROM `schema_migrations` ORDER BY `schema_migrations`.`version` ASC[0m
Migrating to CreateTopics (20201111075003)
  [1m[35m (0.2ms)[0m  [1m[34mSELECT @@innodb_file_per_table = 1 AND @@innodb_file_format = 'Barracuda'[0m
  [1m[35m (10.5ms)[0m  [1m[35mCREATE TABLE `topics` (`id` bigint NOT NULL AUTO_INCREMENT PRIMARY KEY, `title` varchar(255), `created_at` datetime(6) NOT NULL, `updated_at` datetime(6) NOT NULL) ROW_FORMAT=DYNAMIC[0m
  [1m[35m (0.1ms)[0m  [1m[35mBEGIN[0m
  [1m[36mprimary::SchemaMigration Create (0.2ms)[0m  [1m[32mINSERT INTO `schema_migrations` (`version`) VALUES ('20201111075003')[0m
  [1m[35m (0.7ms)[0m  [1m[35mCOMMIT[0m
Migrating to CreatePosts (20201111080236)
  [1m[35m (14.4ms)[0m  [1m[35mCREATE TABLE `posts` (`id` bigint NOT NULL AUTO_INCREMENT PRIMARY KEY, `created_at` datetime(6) NOT NULL, `updated_at` datetime(6) NOT NULL) ROW_FORMAT=DYNAMIC[0m
  [1m[35m (0.1ms)[0m  [1m[35mBEGIN[0m
  [1m[36mprimary::SchemaMigration Create (0.2ms)[0m  [1m[32mINSERT INTO `schema_migrations` (`version`) VALUES ('20201111080236')[0m
  [1m[35m (0.5ms)[0m  [1m[35mCOMMIT[0m
  [1m[36mActiveRecord::InternalMetadata Load (0.3ms)[0m  [1m[34mSELECT `ar_internal_metadata`.* FROM `ar_internal_metadata` WHERE `ar_internal_metadata`.`key` = 'environment' LIMIT 1[0m
  [1m[35m (0.2ms)[0m  [1m[34mSELECT RELEASE_LOCK('7634976914347022310')[0m
  [1m[35m (0.2ms)[0m  [1m[35mSET NAMES utf8,  @@SESSION.sql_mode = CONCAT(CONCAT(@@sql_mode, ',STRICT_ALL_TABLES'), ',NO_AUTO_VALUE_ON_ZERO'),  @@SESSION.sql_auto_is_null = 0, @@SESSION.wait_timeout = 2147483[0m
  [1m[35m (0.2ms)[0m  [1m[34mSELECT `schema_migrations`.`version` FROM `schema_migrations` ORDER BY `schema_migrations`.`version` ASC[0m
  [1m[35m (4.4ms)[0m  [1m[35mSET NAMES utf8,  @@SESSION.sql_mode = CONCAT(CONCAT(@@sql_mode, ',STRICT_ALL_TABLES'), ',NO_AUTO_VALUE_ON_ZERO'),  @@SESSION.sql_auto_is_null = 0, @@SESSION.wait_timeout = 2147483[0m
  [1m[35m (0.3ms)[0m  [1m[34mSELECT `schema_migrations`.`version` FROM `schema_migrations` ORDER BY `schema_migrations`.`version` ASC[0m
  [1m[35m (0.3ms)[0m  [1m[34mSELECT `schema_migrations`.`version` FROM `schema_migrations` ORDER BY `schema_migrations`.`version` ASC[0m
  [1m[35m (0.1ms)[0m  [1m[34mSELECT `schema_migrations`.`version` FROM `schema_migrations` ORDER BY `schema_migrations`.`version` ASC[0m
  [1m[35m (0.2ms)[0m  [1m[35mSET NAMES utf8,  @@SESSION.sql_mode = CONCAT(CONCAT(@@sql_mode, ',STRICT_ALL_TABLES'), ',NO_AUTO_VALUE_ON_ZERO'),  @@SESSION.sql_auto_is_null = 0, @@SESSION.wait_timeout = 2147483[0m
  [1m[35m (0.3ms)[0m  [1m[34mSELECT GET_LOCK('7634976914347022310', 0)[0m
  [1m[35m (0.3ms)[0m  [1m[34mSELECT `schema_migrations`.`version` FROM `schema_migrations` ORDER BY `schema_migrations`.`version` ASC[0m
Migrating to CreatePosts (20201111080236)
  [1m[35m (4.2ms)[0m  [1m[35mDROP TABLE `posts`[0m
  [1m[36mprimary::SchemaMigration Destroy (0.7ms)[0m  [1m[31mDELETE FROM `schema_migrations` WHERE `schema_migrations`.`version` = '20201111080236'[0m
  [1m[35m (0.2ms)[0m  [1m[34mSELECT RELEASE_LOCK('7634976914347022310')[0m
  [1m[35m (0.2ms)[0m  [1m[35mSET NAMES utf8,  @@SESSION.sql_mode = CONCAT(CONCAT(@@sql_mode, ',STRICT_ALL_TABLES'), ',NO_AUTO_VALUE_ON_ZERO'),  @@SESSION.sql_auto_is_null = 0, @@SESSION.wait_timeout = 2147483[0m
  [1m[35m (0.2ms)[0m  [1m[34mSELECT `schema_migrations`.`version` FROM `schema_migrations` ORDER BY `schema_migrations`.`version` ASC[0m
  [1m[35m (0.5ms)[0m  [1m[35mSET NAMES utf8,  @@SESSION.sql_mode = CONCAT(CONCAT(@@sql_mode, ',STRICT_ALL_TABLES'), ',NO_AUTO_VALUE_ON_ZERO'),  @@SESSION.sql_auto_is_null = 0, @@SESSION.wait_timeout = 2147483[0m
  [1m[35m (0.3ms)[0m  [1m[35mSET NAMES utf8,  @@SESSION.sql_mode = CONCAT(CONCAT(@@sql_mode, ',STRICT_ALL_TABLES'), ',NO_AUTO_VALUE_ON_ZERO'),  @@SESSION.sql_auto_is_null = 0, @@SESSION.wait_timeout = 2147483[0m
  [1m[35m (0.2ms)[0m  [1m[34mSELECT GET_LOCK('7634976914347022310', 0)[0m
  [1m[35m (0.3ms)[0m  [1m[34mSELECT `schema_migrations`.`version` FROM `schema_migrations` ORDER BY `schema_migrations`.`version` ASC[0m
Migrating to CreatePosts (20201111081136)
  [1m[35m (0.2ms)[0m  [1m[34mSELECT @@innodb_file_per_table = 1 AND @@innodb_file_format = 'Barracuda'[0m
  [1m[35m (15.6ms)[0m  [1m[35mCREATE TABLE `posts` (`id` bigint NOT NULL AUTO_INCREMENT PRIMARY KEY, `name` varchar(255), `body` text, `topic_id` bigint NOT NULL, `created_at` datetime(6) NOT NULL, `updated_at` datetime(6) NOT NULL,  INDEX `index_posts_on_topic_id`  (`topic_id`), CONSTRAINT `fk_rails_70d0b6486a`
FOREIGN KEY (`topic_id`)
  REFERENCES `topics` (`id`)
) ROW_FORMAT=DYNAMIC[0m
  [1m[35m (0.2ms)[0m  [1m[35mBEGIN[0m
  [1m[36mprimary::SchemaMigration Create (0.3ms)[0m  [1m[32mINSERT INTO `schema_migrations` (`version`) VALUES ('20201111081136')[0m
  [1m[35m (1.0ms)[0m  [1m[35mCOMMIT[0m
  [1m[36mActiveRecord::InternalMetadata Load (0.4ms)[0m  [1m[34mSELECT `ar_internal_metadata`.* FROM `ar_internal_metadata` WHERE `ar_internal_metadata`.`key` = 'environment' LIMIT 1[0m
  [1m[35m (0.2ms)[0m  [1m[34mSELECT RELEASE_LOCK('7634976914347022310')[0m
  [1m[35m (0.4ms)[0m  [1m[35mSET NAMES utf8,  @@SESSION.sql_mode = CONCAT(CONCAT(@@sql_mode, ',STRICT_ALL_TABLES'), ',NO_AUTO_VALUE_ON_ZERO'),  @@SESSION.sql_auto_is_null = 0, @@SESSION.wait_timeout = 2147483[0m
  [1m[35m (0.2ms)[0m  [1m[34mSELECT `schema_migrations`.`version` FROM `schema_migrations` ORDER BY `schema_migrations`.`version` ASC[0m
Started GET "/" for ::1 at 2020-11-11 17:15:49 +0900
  [1m[35m (0.4ms)[0m  [1m[35mSET NAMES utf8,  @@SESSION.sql_mode = CONCAT(CONCAT(@@sql_mode, ',STRICT_ALL_TABLES'), ',NO_AUTO_VALUE_ON_ZERO'),  @@SESSION.sql_auto_is_null = 0, @@SESSION.wait_timeout = 2147483[0m
  [1m[35m (0.2ms)[0m  [1m[34mSELECT `schema_migrations`.`version` FROM `schema_migrations` ORDER BY `schema_migrations`.`version` ASC[0m
Processing by Rails::WelcomeController#index as HTML
  Rendering /Users/mizouchinatsuki/.rbenv/versions/2.6.5/lib/ruby/gems/2.6.0/gems/railties-6.0.3.4/lib/rails/templates/rails/welcome/index.html.erb
  Rendered /Users/mizouchinatsuki/.rbenv/versions/2.6.5/lib/ruby/gems/2.6.0/gems/railties-6.0.3.4/lib/rails/templates/rails/welcome/index.html.erb (Duration: 15.1ms | Allocations: 309)
Completed 200 OK in 26ms (Views: 20.1ms | ActiveRecord: 0.0ms | Allocations: 1831)


Started GET "/topics/index" for ::1 at 2020-11-11 17:16:44 +0900
  [1m[35m (0.6ms)[0m  [1m[35mSET NAMES utf8,  @@SESSION.sql_mode = CONCAT(CONCAT(@@sql_mode, ',STRICT_ALL_TABLES'), ',NO_AUTO_VALUE_ON_ZERO'),  @@SESSION.sql_auto_is_null = 0, @@SESSION.wait_timeout = 2147483[0m
  [1m[35m (0.3ms)[0m  [1m[34mSELECT `schema_migrations`.`version` FROM `schema_migrations` ORDER BY `schema_migrations`.`version` ASC[0m
Processing by TopicsController#index as HTML
  Rendering topics/index.html.erb within layouts/application
  [1m[36mTopic Load (0.4ms)[0m  [1m[34mSELECT `topics`.* FROM `topics`[0m
  â†³ app/views/topics/index.html.erb:3
  Rendered topics/index.html.erb within layouts/application (Duration: 10.0ms | Allocations: 2093)
[Webpacker] Compiling...
[Webpacker] Compiled all packs in /Users/mizouchinatsuki/projects/lupinus2020/public/packs
[Webpacker] Hash: 15d1bb7b54cf6326b9ba
Version: webpack 4.44.2
Time: 1998ms
Built at: 2020/11/11 17:16:50
                                     Asset       Size       Chunks                         Chunk Names
    js/application-9afcbb5693aa87623e69.js    124 KiB  application  [emitted] [immutable]  application
js/application-9afcbb5693aa87623e69.js.map    139 KiB  application  [emitted] [dev]        application
                             manifest.json  364 bytes               [emitted]              
Entrypoint application = js/application-9afcbb5693aa87623e69.js js/application-9afcbb5693aa87623e69.js.map
[./app/javascript/channels sync recursive _channel\.js$] ./app/javascript/channels sync _channel\.js$ 160 bytes {application} [built]
[./app/javascript/channels/index.js] 211 bytes {application} [built]
[./app/javascript/packs/application.js] 749 bytes {application} [built]
[./node_modules/webpack/buildin/module.js] (webpack)/buildin/module.js 552 bytes {application} [built]
    + 3 hidden modules

Completed 200 OK in 5889ms (Views: 5865.8ms | ActiveRecord: 6.2ms | Allocations: 1612367)


Started GET "/topics/index" for ::1 at 2020-11-11 17:19:51 +0900
Processing by TopicsController#index as HTML
  Rendering topics/index.html.erb within layouts/application
  [1m[36mTopic Load (0.3ms)[0m  [1m[34mSELECT `topics`.* FROM `topics`[0m
  â†³ app/views/topics/index.html.erb:3
  Rendered topics/index.html.erb within layouts/application (Duration: 5.1ms | Allocations: 1208)
[Webpacker] Everything's up-to-date. Nothing to do
Completed 200 OK in 35ms (Views: 33.1ms | ActiveRecord: 0.3ms | Allocations: 9778)


Started POST "/topics/create" for ::1 at 2020-11-11 17:25:51 +0900
  [1m[35m (0.4ms)[0m  [1m[35mSET NAMES utf8,  @@SESSION.sql_mode = CONCAT(CONCAT(@@sql_mode, ',STRICT_ALL_TABLES'), ',NO_AUTO_VALUE_ON_ZERO'),  @@SESSION.sql_auto_is_null = 0, @@SESSION.wait_timeout = 2147483[0m
Processing by TopicsController#create as HTML
  Parameters: {"authenticity_token"=>"hR2p53bPx4SQ2Pu9/Y1wEihFFM2waKNwyDd39PsOTxoGCnfepWbNeTosEJx8MfSn3xL+FG8Yn0f3Y5kmX00LSQ==", "topic"=>{"title"=>"ã‚ˆãã™ã‚‹ãƒ˜ã‚¢ã‚¢ãƒ¬ãƒ³ã‚¸ã¯ï¼Ÿ"}, "commit"=>"æ–°è¦æŠ•ç¨¿"}
  [1m[35m (0.2ms)[0m  [1m[35mBEGIN[0m
  â†³ app/controllers/topics_controller.rb:9:in `create'
  [1m[36mTopic Create (0.5ms)[0m  [1m[32mINSERT INTO `topics` (`title`, `created_at`, `updated_at`) VALUES ('ã‚ˆãã™ã‚‹ãƒ˜ã‚¢ã‚¢ãƒ¬ãƒ³ã‚¸ã¯ï¼Ÿ', '2020-11-11 08:25:51.442937', '2020-11-11 08:25:51.442937')[0m
  â†³ app/controllers/topics_controller.rb:9:in `create'
  [1m[35m (2.8ms)[0m  [1m[35mCOMMIT[0m
  â†³ app/controllers/topics_controller.rb:9:in `create'
Redirected to http://localhost:3000/topics/index
Completed 302 Found in 12ms (ActiveRecord: 3.5ms | Allocations: 3015)


Started GET "/topics/index" for ::1 at 2020-11-11 17:25:51 +0900
Processing by TopicsController#index as HTML
  Rendering topics/index.html.erb within layouts/application
  [1m[36mTopic Load (0.4ms)[0m  [1m[34mSELECT `topics`.* FROM `topics`[0m
  â†³ app/views/topics/index.html.erb:3
  Rendered topics/index.html.erb within layouts/application (Duration: 3.5ms | Allocations: 1059)
[Webpacker] Everything's up-to-date. Nothing to do
Completed 200 OK in 41ms (Views: 39.0ms | ActiveRecord: 0.4ms | Allocations: 8645)


Started POST "/topics/create" for ::1 at 2020-11-11 17:25:55 +0900
Processing by TopicsController#create as HTML
  Parameters: {"authenticity_token"=>"c6ea2n31rr8nX0ssCMVjZaEaQlRsMzuOaMagkBENhAbwsETjrlykQo2roA2JeefQVk2ojbNDB7lXkk5CtU7AVQ==", "topic"=>{"title"=>"ã‚ªã‚·ãƒ£ãƒ¬ã«ç›®è¦šã‚ãŸãã£ã‹ã‘"}, "commit"=>"æ–°è¦æŠ•ç¨¿"}
  [1m[35m (0.2ms)[0m  [1m[35mBEGIN[0m
  â†³ app/controllers/topics_controller.rb:9:in `create'
  [1m[36mTopic Create (0.5ms)[0m  [1m[32mINSERT INTO `topics` (`title`, `created_at`, `updated_at`) VALUES ('ã‚ªã‚·ãƒ£ãƒ¬ã«ç›®è¦šã‚ãŸãã£ã‹ã‘', '2020-11-11 08:25:55.017974', '2020-11-11 08:25:55.017974')[0m
  â†³ app/controllers/topics_controller.rb:9:in `create'
  [1m[35m (0.5ms)[0m  [1m[35mCOMMIT[0m
  â†³ app/controllers/topics_controller.rb:9:in `create'
Redirected to http://localhost:3000/topics/index
Completed 302 Found in 8ms (ActiveRecord: 1.2ms | Allocations: 2794)


Started GET "/topics/index" for ::1 at 2020-11-11 17:25:55 +0900
Processing by TopicsController#index as HTML
  Rendering topics/index.html.erb within layouts/application
  [1m[36mTopic Load (0.5ms)[0m  [1m[34mSELECT `topics`.* FROM `topics`[0m
  â†³ app/views/topics/index.html.erb:3
  Rendered topics/index.html.erb within layouts/application (Duration: 3.3ms | Allocations: 1118)
[Webpacker] Everything's up-to-date. Nothing to do
Completed 200 OK in 17ms (Views: 15.1ms | ActiveRecord: 0.5ms | Allocations: 8724)


Started POST "/topics/create" for ::1 at 2020-11-11 17:26:00 +0900
Processing by TopicsController#create as HTML
  Parameters: {"authenticity_token"=>"L5PzF1ONR/s6Som+fUdo5oFFH3RcR6cb0ej6pdnuVYKshC0ugCRNBpC+Yp/8++xTdhL1rYM3myzuvBR3fa0R0Q==", "topic"=>{"title"=>"å¥½ããªã‚¢ãƒ¼ãƒ†ã‚£ã‚¹ãƒˆ"}, "commit"=>"æ–°è¦æŠ•ç¨¿"}
  [1m[35m (0.3ms)[0m  [1m[35mBEGIN[0m
  â†³ app/controllers/topics_controller.rb:9:in `create'
  [1m[36mTopic Create (0.4ms)[0m  [1m[32mINSERT INTO `topics` (`title`, `created_at`, `updated_at`) VALUES ('å¥½ããªã‚¢ãƒ¼ãƒ†ã‚£ã‚¹ãƒˆ', '2020-11-11 08:26:00.091419', '2020-11-11 08:26:00.091419')[0m
  â†³ app/controllers/topics_controller.rb:9:in `create'
  [1m[35m (0.8ms)[0m  [1m[35mCOMMIT[0m
  â†³ app/controllers/topics_controller.rb:9:in `create'
Redirected to http://localhost:3000/topics/index
Completed 302 Found in 7ms (ActiveRecord: 1.5ms | Allocations: 2783)


Started GET "/topics/index" for ::1 at 2020-11-11 17:26:00 +0900
Processing by TopicsController#index as HTML
  Rendering topics/index.html.erb within layouts/application
  [1m[36mTopic Load (0.4ms)[0m  [1m[34mSELECT `topics`.* FROM `topics`[0m
  â†³ app/views/topics/index.html.erb:3
  Rendered topics/index.html.erb within layouts/application (Duration: 3.1ms | Allocations: 1202)
[Webpacker] Everything's up-to-date. Nothing to do
Completed 200 OK in 15ms (Views: 13.8ms | ActiveRecord: 0.4ms | Allocations: 8784)


Started GET "/topics/show/1" for ::1 at 2020-11-11 17:26:02 +0900
Processing by TopicsController#show as HTML
  Parameters: {"id"=>"1"}
  [1m[36mTopic Load (0.5ms)[0m  [1m[34mSELECT `topics`.* FROM `topics` WHERE `topics`.`id` = 1 LIMIT 1[0m
  â†³ app/controllers/topics_controller.rb:20:in `show'
  Rendering topics/show.html.erb within layouts/application
  [1m[36mPost Load (0.4ms)[0m  [1m[34mSELECT `posts`.* FROM `posts` WHERE `posts`.`topic_id` = 1[0m
  â†³ app/views/topics/show.html.erb:2:in `each_with_index'
  Rendered topics/show.html.erb within layouts/application (Duration: 12.9ms | Allocations: 1734)
[Webpacker] Everything's up-to-date. Nothing to do
Completed 200 OK in 61ms (Views: 26.7ms | ActiveRecord: 4.4ms | Allocations: 16088)


Started POST "/posts/create" for ::1 at 2020-11-11 17:26:49 +0900
  
AbstractController::ActionNotFound (The action 'create' could not be found for PostsController):
  
actionpack (6.0.3.4) lib/abstract_controller/base.rb:131:in `process'
actionview (6.0.3.4) lib/action_view/rendering.rb:39:in `process'
actionpack (6.0.3.4) lib/action_controller/metal.rb:190:in `dispatch'
actionpack (6.0.3.4) lib/action_controller/metal.rb:254:in `dispatch'
actionpack (6.0.3.4) lib/action_dispatch/routing/route_set.rb:50:in `dispatch'
actionpack (6.0.3.4) lib/action_dispatch/routing/route_set.rb:33:in `serve'
actionpack (6.0.3.4) lib/action_dispatch/journey/router.rb:49:in `block in serve'
actionpack (6.0.3.4) lib/action_dispatch/journey/router.rb:32:in `each'
actionpack (6.0.3.4) lib/action_dispatch/journey/router.rb:32:in `serve'
actionpack (6.0.3.4) lib/action_dispatch/routing/route_set.rb:834:in `call'
rack (2.2.3) lib/rack/tempfile_reaper.rb:15:in `call'
rack (2.2.3) lib/rack/etag.rb:27:in `call'
rack (2.2.3) lib/rack/conditional_get.rb:40:in `call'
rack (2.2.3) lib/rack/head.rb:12:in `call'
actionpack (6.0.3.4) lib/action_dispatch/http/content_security_policy.rb:18:in `call'
rack (2.2.3) lib/rack/session/abstract/id.rb:266:in `context'
rack (2.2.3) lib/rack/session/abstract/id.rb:260:in `call'
actionpack (6.0.3.4) lib/action_dispatch/middleware/cookies.rb:648:in `call'
activerecord (6.0.3.4) lib/active_record/migration.rb:567:in `call'
actionpack (6.0.3.4) lib/action_dispatch/middleware/callbacks.rb:27:in `block in call'
activesupport (6.0.3.4) lib/active_support/callbacks.rb:101:in `run_callbacks'
actionpack (6.0.3.4) lib/action_dispatch/middleware/callbacks.rb:26:in `call'
actionpack (6.0.3.4) lib/action_dispatch/middleware/executor.rb:14:in `call'
actionpack (6.0.3.4) lib/action_dispatch/middleware/actionable_exceptions.rb:18:in `call'
actionpack (6.0.3.4) lib/action_dispatch/middleware/debug_exceptions.rb:32:in `call'
web-console (4.1.0) lib/web_console/middleware.rb:132:in `call_app'
web-console (4.1.0) lib/web_console/middleware.rb:28:in `block in call'
web-console (4.1.0) lib/web_console/middleware.rb:17:in `catch'
web-console (4.1.0) lib/web_console/middleware.rb:17:in `call'
actionpack (6.0.3.4) lib/action_dispatch/middleware/show_exceptions.rb:33:in `call'
railties (6.0.3.4) lib/rails/rack/logger.rb:37:in `call_app'
railties (6.0.3.4) lib/rails/rack/logger.rb:26:in `block in call'
activesupport (6.0.3.4) lib/active_support/tagged_logging.rb:80:in `block in tagged'
activesupport (6.0.3.4) lib/active_support/tagged_logging.rb:28:in `tagged'
activesupport (6.0.3.4) lib/active_support/tagged_logging.rb:80:in `tagged'
railties (6.0.3.4) lib/rails/rack/logger.rb:26:in `call'
sprockets-rails (3.2.2) lib/sprockets/rails/quiet_assets.rb:13:in `call'
actionpack (6.0.3.4) lib/action_dispatch/middleware/remote_ip.rb:81:in `call'
actionpack (6.0.3.4) lib/action_dispatch/middleware/request_id.rb:27:in `call'
rack (2.2.3) lib/rack/method_override.rb:24:in `call'
rack (2.2.3) lib/rack/runtime.rb:22:in `call'
activesupport (6.0.3.4) lib/active_support/cache/strategy/local_cache_middleware.rb:29:in `call'
actionpack (6.0.3.4) lib/action_dispatch/middleware/executor.rb:14:in `call'
actionpack (6.0.3.4) lib/action_dispatch/middleware/static.rb:126:in `call'
rack (2.2.3) lib/rack/sendfile.rb:110:in `call'
actionpack (6.0.3.4) lib/action_dispatch/middleware/host_authorization.rb:82:in `call'
webpacker (4.3.0) lib/webpacker/dev_server_proxy.rb:23:in `perform_request'
rack-proxy (0.6.5) lib/rack/proxy.rb:57:in `call'
railties (6.0.3.4) lib/rails/engine.rb:527:in `call'
puma (3.12.6) lib/puma/configuration.rb:227:in `call'
puma (3.12.6) lib/puma/server.rb:706:in `handle_request'
puma (3.12.6) lib/puma/server.rb:476:in `process_client'
puma (3.12.6) lib/puma/server.rb:334:in `block in run'
puma (3.12.6) lib/puma/thread_pool.rb:135:in `block in spawn_thread'
Started POST "/posts/create" for ::1 at 2020-11-11 17:27:31 +0900
Processing by PostsController#create as HTML
  Parameters: {"authenticity_token"=>"m/YoVF3kiaKdN0UAFd9lQ1/epmcyXwrc5txKsqUBM0tD/B40GC0uuYW5POiwGHuzrqh2SStyD8h/JcXPRObQ1A==", "post"=>{"name"=>"ã‚ã‚„ã®", "body"=>"ã¿ãªã•ã‚“ã®ãŠã™ã™ã‚ã®ãƒ˜ã‚¢ã‚¢ãƒ¬ãƒ³ã‚¸ã‚’æ•™ãˆã¦ãã ã•ã„ã€œ", "topic_id"=>"1"}, "commit"=>"ã‚³ãƒ¡ãƒ³ãƒˆã™ã‚‹"}
  [1m[35m (0.3ms)[0m  [1m[35mBEGIN[0m
  â†³ app/controllers/posts_controller.rb:4:in `create'
  [1m[36mTopic Load (0.4ms)[0m  [1m[34mSELECT `topics`.* FROM `topics` WHERE `topics`.`id` = 1 LIMIT 1[0m
  â†³ app/controllers/posts_controller.rb:4:in `create'
  [1m[36mPost Create (0.6ms)[0m  [1m[32mINSERT INTO `posts` (`name`, `body`, `topic_id`, `created_at`, `updated_at`) VALUES ('ã‚ã‚„ã®', 'ã¿ãªã•ã‚“ã®ãŠã™ã™ã‚ã®ãƒ˜ã‚¢ã‚¢ãƒ¬ãƒ³ã‚¸ã‚’æ•™ãˆã¦ãã ã•ã„ã€œ', 1, '2020-11-11 08:27:31.211581', '2020-11-11 08:27:31.211581')[0m
  â†³ app/controllers/posts_controller.rb:4:in `create'
  [1m[35m (1.3ms)[0m  [1m[35mCOMMIT[0m
  â†³ app/controllers/posts_controller.rb:4:in `create'
Redirected to http://localhost:3000/topics/show/1
Completed 302 Found in 64ms (ActiveRecord: 13.2ms | Allocations: 15078)


Started GET "/topics/show/1" for ::1 at 2020-11-11 17:27:31 +0900
Processing by TopicsController#show as HTML
  Parameters: {"id"=>"1"}
  [1m[36mTopic Load (0.3ms)[0m  [1m[34mSELECT `topics`.* FROM `topics` WHERE `topics`.`id` = 1 LIMIT 1[0m
  â†³ app/controllers/topics_controller.rb:20:in `show'
  Rendering topics/show.html.erb within layouts/application
  [1m[36mPost Load (0.4ms)[0m  [1m[34mSELECT `posts`.* FROM `posts` WHERE `posts`.`topic_id` = 1[0m
  â†³ app/views/topics/show.html.erb:2:in `each_with_index'
  Rendered topics/show.html.erb within layouts/application (Duration: 2.6ms | Allocations: 1144)
[Webpacker] Everything's up-to-date. Nothing to do
Completed 200 OK in 16ms (Views: 12.9ms | ActiveRecord: 0.7ms | Allocations: 9670)


